Base path: 'C:/Program Files/Unity/Hub/Editor/2019.4.3f1/Editor/Data', plugins path 'C:/Program Files/Unity/Hub/Editor/2019.4.3f1/Editor/Data/PlaybackEngines'
Cmd: initializeCompiler
Cmd: compileSnippet
  api=4 type=0 insize=3136 outsize=1206 kw=EDGE_OFF SOFTDISSOLVE_ON OPACITYSLIDER_ON STRETCH_ON SOFTRIM_ON pd=UNITY_ENABLE_REFLECTION_BUFFERS UNITY_USE_DITHER_MASK_FOR_ALPHABLENDED_SHADOWS UNITY_PBS_USE_BRDF1 UNITY_SPECCUBE_BOX_PROJECTION UNITY_SPECCUBE_BLENDING UNITY_ENABLE_DETAIL_NORMALMAP SHADER_API_DESKTOP UNITY_COLORSPACE_GAMMA UNITY_LIGHT_PROBE_PROXY_VOLUME UNITY_LIGHTMAP_FULL_HDR ok=1
Cmd: disassembleShader
  api=4 insize=1206 outsize=2192 ok=1
Cmd: compileSnippet
  api=4 type=0 insize=3136 outsize=1430 kw=SOFTDISSOLVE_ON STRETCH_OFF OPACITYSLIDER_ON SOFTRIM_ON EDGE_ON pd=UNITY_ENABLE_REFLECTION_BUFFERS UNITY_USE_DITHER_MASK_FOR_ALPHABLENDED_SHADOWS UNITY_PBS_USE_BRDF1 UNITY_SPECCUBE_BOX_PROJECTION UNITY_SPECCUBE_BLENDING UNITY_ENABLE_DETAIL_NORMALMAP SHADER_API_DESKTOP UNITY_COLORSPACE_GAMMA UNITY_LIGHT_PROBE_PROXY_VOLUME UNITY_LIGHTMAP_FULL_HDR ok=1
Cmd: disassembleShader
  api=4 insize=1430 outsize=2469 ok=1
Cmd: disassembleShader
  api=4 insize=790 outsize=1657 ok=1
Cmd: disassembleShader
  api=4 insize=1206 outsize=2192 ok=1
Cmd: compileSnippet
  api=4 type=0 insize=3136 outsize=790 kw=EDGE_OFF OPACITYSLIDER_OFF SOFTDISSOLVE_ON SOFTRIM_OFF STRETCH_ON pd=UNITY_ENABLE_REFLECTION_BUFFERS UNITY_USE_DITHER_MASK_FOR_ALPHABLENDED_SHADOWS UNITY_PBS_USE_BRDF1 UNITY_SPECCUBE_BOX_PROJECTION UNITY_SPECCUBE_BLENDING UNITY_ENABLE_DETAIL_NORMALMAP SHADER_API_DESKTOP UNITY_COLORSPACE_GAMMA UNITY_LIGHT_PROBE_PROXY_VOLUME UNITY_LIGHTMAP_FULL_HDR ok=1
Cmd: disassembleShader
  api=4 insize=790 outsize=1657 ok=1
Cmd: disassembleShader
  api=4 insize=1430 outsize=2469 ok=1
Cmd: disassembleShader
  api=4 insize=790 outsize=1657 ok=1
Cmd: compileSnippet
  api=4 type=0 insize=3136 outsize=1206 kw=SOFTDISSOLVE_OFF OPACITYSLIDER_ON STRETCH_ON SOFTRIM_ON EDGE_ON pd=UNITY_ENABLE_REFLECTION_BUFFERS UNITY_USE_DITHER_MASK_FOR_ALPHABLENDED_SHADOWS UNITY_PBS_USE_BRDF1 UNITY_SPECCUBE_BOX_PROJECTION UNITY_SPECCUBE_BLENDING UNITY_ENABLE_DETAIL_NORMALMAP SHADER_API_DESKTOP UNITY_COLORSPACE_GAMMA UNITY_LIGHT_PROBE_PROXY_VOLUME UNITY_LIGHTMAP_FULL_HDR ok=1
Cmd: disassembleShader
  api=4 insize=1206 outsize=2192 ok=1
Cmd: compileSnippet
  api=4 type=0 insize=3136 outsize=1430 kw=STRETCH_OFF SOFTDISSOLVE_OFF OPACITYSLIDER_ON SOFTRIM_ON EDGE_ON pd=UNITY_ENABLE_REFLECTION_BUFFERS UNITY_USE_DITHER_MASK_FOR_ALPHABLENDED_SHADOWS UNITY_PBS_USE_BRDF1 UNITY_SPECCUBE_BOX_PROJECTION UNITY_SPECCUBE_BLENDING UNITY_ENABLE_DETAIL_NORMALMAP SHADER_API_DESKTOP UNITY_COLORSPACE_GAMMA UNITY_LIGHT_PROBE_PROXY_VOLUME UNITY_LIGHTMAP_FULL_HDR ok=1
Cmd: disassembleShader
  api=4 insize=1430 outsize=2469 ok=1
Cmd: disassembleShader
  api=4 insize=1206 outsize=2192 ok=1
Cmd: compileSnippet
  api=4 type=0 insize=3136 outsize=790 kw=EDGE_OFF OPACITYSLIDER_OFF SOFTRIM_OFF SOFTDISSOLVE_OFF STRETCH_ON pd=UNITY_ENABLE_REFLECTION_BUFFERS UNITY_USE_DITHER_MASK_FOR_ALPHABLENDED_SHADOWS UNITY_PBS_USE_BRDF1 UNITY_SPECCUBE_BOX_PROJECTION UNITY_SPECCUBE_BLENDING UNITY_ENABLE_DETAIL_NORMALMAP SHADER_API_DESKTOP UNITY_COLORSPACE_GAMMA UNITY_LIGHT_PROBE_PROXY_VOLUME UNITY_LIGHTMAP_FULL_HDR ok=1
Cmd: disassembleShader
  api=4 insize=790 outsize=1657 ok=1
Cmd: compileSnippet
  api=4 type=1 insize=3136 outsize=702 kw=EDGE_OFF SOFTDISSOLVE_ON OPACITYSLIDER_ON STRETCH_ON SOFTRIM_ON pd=UNITY_ENABLE_REFLECTION_BUFFERS UNITY_USE_DITHER_MASK_FOR_ALPHABLENDED_SHADOWS UNITY_PBS_USE_BRDF1 UNITY_SPECCUBE_BOX_PROJECTION UNITY_SPECCUBE_BLENDING UNITY_ENABLE_DETAIL_NORMALMAP SHADER_API_DESKTOP UNITY_COLORSPACE_GAMMA UNITY_LIGHT_PROBE_PROXY_VOLUME UNITY_LIGHTMAP_FULL_HDR ok=1
Cmd: disassembleShader
  api=4 insize=702 outsize=1441 ok=1
Cmd: compileSnippet
  api=4 type=1 insize=3136 outsize=702 kw=EDGE_OFF SOFTDISSOLVE_ON STRETCH_OFF OPACITYSLIDER_ON SOFTRIM_ON pd=UNITY_ENABLE_REFLECTION_BUFFERS UNITY_USE_DITHER_MASK_FOR_ALPHABLENDED_SHADOWS UNITY_PBS_USE_BRDF1 UNITY_SPECCUBE_BOX_PROJECTION UNITY_SPECCUBE_BLENDING UNITY_ENABLE_DETAIL_NORMALMAP SHADER_API_DESKTOP UNITY_COLORSPACE_GAMMA UNITY_LIGHT_PROBE_PROXY_VOLUME UNITY_LIGHTMAP_FULL_HDR ok=1
Cmd: disassembleShader
  api=4 insize=702 outsize=1441 ok=1
Cmd: compileSnippet
  api=4 type=1 insize=3136 outsize=890 kw=OPACITYSLIDER_OFF SOFTDISSOLVE_ON STRETCH_OFF SOFTRIM_ON EDGE_ON pd=UNITY_ENABLE_REFLECTION_BUFFERS UNITY_USE_DITHER_MASK_FOR_ALPHABLENDED_SHADOWS UNITY_PBS_USE_BRDF1 UNITY_SPECCUBE_BOX_PROJECTION UNITY_SPECCUBE_BLENDING UNITY_ENABLE_DETAIL_NORMALMAP SHADER_API_DESKTOP UNITY_COLORSPACE_GAMMA UNITY_LIGHT_PROBE_PROXY_VOLUME UNITY_LIGHTMAP_FULL_HDR ok=1
Cmd: disassembleShader
  api=4 insize=890 outsize=1732 ok=1
Cmd: compileSnippet
  api=4 type=1 insize=3136 outsize=866 kw=SOFTRIM_OFF SOFTDISSOLVE_OFF OPACITYSLIDER_ON STRETCH_ON EDGE_ON pd=UNITY_ENABLE_REFLECTION_BUFFERS UNITY_USE_DITHER_MASK_FOR_ALPHABLENDED_SHADOWS UNITY_PBS_USE_BRDF1 UNITY_SPECCUBE_BOX_PROJECTION UNITY_SPECCUBE_BLENDING UNITY_ENABLE_DETAIL_NORMALMAP SHADER_API_DESKTOP UNITY_COLORSPACE_GAMMA UNITY_LIGHT_PROBE_PROXY_VOLUME UNITY_LIGHTMAP_FULL_HDR ok=1
Cmd: disassembleShader
  api=4 insize=866 outsize=1678 ok=1
Cmd: compileSnippet
  api=4 type=1 insize=3136 outsize=866 kw=SOFTRIM_OFF STRETCH_OFF SOFTDISSOLVE_OFF OPACITYSLIDER_ON EDGE_ON pd=UNITY_ENABLE_REFLECTION_BUFFERS UNITY_USE_DITHER_MASK_FOR_ALPHABLENDED_SHADOWS UNITY_PBS_USE_BRDF1 UNITY_SPECCUBE_BOX_PROJECTION UNITY_SPECCUBE_BLENDING UNITY_ENABLE_DETAIL_NORMALMAP SHADER_API_DESKTOP UNITY_COLORSPACE_GAMMA UNITY_LIGHT_PROBE_PROXY_VOLUME UNITY_LIGHTMAP_FULL_HDR ok=1
Cmd: disassembleShader
  api=4 insize=866 outsize=1678 ok=1
Cmd: compileSnippet
  api=4 type=1 insize=3136 outsize=834 kw=OPACITYSLIDER_OFF STRETCH_OFF SOFTDISSOLVE_OFF SOFTRIM_ON EDGE_ON pd=UNITY_ENABLE_REFLECTION_BUFFERS UNITY_USE_DITHER_MASK_FOR_ALPHABLENDED_SHADOWS UNITY_PBS_USE_BRDF1 UNITY_SPECCUBE_BOX_PROJECTION UNITY_SPECCUBE_BLENDING UNITY_ENABLE_DETAIL_NORMALMAP SHADER_API_DESKTOP UNITY_COLORSPACE_GAMMA UNITY_LIGHT_PROBE_PROXY_VOLUME UNITY_LIGHTMAP_FULL_HDR ok=1
Cmd: disassembleShader
  api=4 insize=834 outsize=1647 ok=1
Cmd: preprocess
  insize=3435 outsize=742 ok=1
